<html>
<head>
<title>TestNG:  Test on CRM UI Automation</title>
<link href="../testng.css" rel="stylesheet" type="text/css" />
<link href="../my-testng.css" rel="stylesheet" type="text/css" />

<style type="text/css">
.log { display: none;} 
.stack-trace { display: none;} 
</style>
<script type="text/javascript">
<!--
function flip(e) {
  current = e.style.display;
  if (current == 'block') {
    e.style.display = 'none';
    return 0;
  }
  else {
    e.style.display = 'block';
    return 1;
  }
}

function toggleBox(szDivId, elem, msg1, msg2)
{
  var res = -1;  if (document.getElementById) {
    res = flip(document.getElementById(szDivId));
  }
  else if (document.all) {
    // this is the way old msie versions work
    res = flip(document.all[szDivId]);
  }
  if(elem) {
    if(res == 0) elem.innerHTML = msg1; else elem.innerHTML = msg2;
  }

}

function toggleAllBoxes() {
  if (document.getElementsByTagName) {
    d = document.getElementsByTagName('div');
    for (i = 0; i < d.length; i++) {
      if (d[i].className == 'log') {
        flip(d[i]);
      }
    }
  }
}

// -->
</script>

</head>
<body>
<h2 align='center'>Test on CRM UI Automation</h2><table border='1' align="center">
<tr>
<td>Tests passed/Failed/Skipped:</td><td>0/0/3</td>
</tr><tr>
<td>Started on:</td><td>Thu Apr 09 07:53:07 EDT 2020</td>
</tr>
<tr><td>Total time:</td><td>26 seconds (26492 ms)</td>
</tr><tr>
<td>Included groups:</td><td></td>
</tr><tr>
<td>Excluded groups:</td><td></td>
</tr>
</table><p/>
<small><i>(Hover the method name to see the test class name)</i></small><p/>
<table width='100%' border='1' class='invocation-failed'>
<tr><td colspan='4' align='center'><b>FAILED CONFIGURATIONS</b></td></tr>
<tr><td><b>Test method</b></td>
<td width="30%"><b>Exception</b></td>
<td width="10%"><b>Time (seconds)</b></td>
<td><b>Instance</b></td>
</tr>
<tr>
<td title='com.crm.ui.CRMAppAutomationTest.initialize()'><b>initialize</b><br>Test class: com.crm.ui.CRMAppAutomationTest</td>
<td><div><pre>org.openqa.selenium.SessionNotCreatedException: session not created
from disconnected: received Inspector.detached event
  (Session info: chrome=80.0.3987.163)
Build info: version: &apos;3.141.59&apos;, revision: &apos;e82be7d358&apos;, time: &apos;2018-11-14T08:17:03&apos;
System info: host: &apos;DESKTOP-EUF29Q1&apos;, ip: &apos;169.254.217.165&apos;, os.name: &apos;Windows 10&apos;, os.arch: &apos;amd64&apos;, os.version: &apos;10.0&apos;, java.version: &apos;1.8.0_181&apos;
Driver info: driver.version: ChromeDriver
remote stacktrace: Backtrace:
	Ordinal0 [0x01080C83+1707139]
	Ordinal0 [0x00FE68F1+1075441]
	Ordinal0 [0x00F5DFC9+516041]
	Ordinal0 [0x00F5687B+485499]
	Ordinal0 [0x00F56499+484505]
	Ordinal0 [0x00F55D96+482710]
	Ordinal0 [0x00F553AC+480172]
	Ordinal0 [0x00F555D5+480725]
	Ordinal0 [0x00F55035+479285]
	Ordinal0 [0x00F5CD25+511269]
	Ordinal0 [0x00F54FE8+479208]
	Ordinal0 [0x00F55A3B+481851]
	Ordinal0 [0x00F553AC+480172]
	Ordinal0 [0x00F555D5+480725]
	Ordinal0 [0x00F55035+479285]
	Ordinal0 [0x00F5B5AE+505262]
	Ordinal0 [0x00F54FE8+479208]
	Ordinal0 [0x00F55A3B+481851]
	Ordinal0 [0x00F553AC+480172]
	Ordinal0 [0x00F555D5+480725]
	Ordinal0 [0x00F55035+479285]
	Ordinal0 [0x00F59E1C+499228]
	Ordinal0 [0x00F54FE8+479208]
	Ordinal0 [0x00F55A3B+481851]
	Ordinal0 [0x00F553AC+480172]
	Ordinal0 [0x00F555D5+480725]
	Ordinal0 [0x00F55035+479285]
	Ordinal0 [0x00F594B7+496823]
	Ordinal0 [0x00F54FE8+479208]
	Ordinal0 [0x00F55A3B+481851]
	Ordinal0 [0x00F553AC+480172]
	Ordinal0 [0x00F555D5+480725]
	Ordinal0 [0x00F55035+479285]
	Ordinal0 [0x00F51B5C+465756]
	Ordinal0 [0x00F54FE8+479208]
	Ordinal0 [0x00F54EC4+478916]
	Ordinal0 [0x00F5ECA0+519328]
	Ordinal0 [0x00F0CA67+182887]
	Ordinal0 [0x00F0BDDD+179677]
	Ordinal0 [0x00F09D4B+171339]
	Ordinal0 [0x00EF1D4A+73034]
	Ordinal0 [0x00EF2DC0+77248]
	Ordinal0 [0x00EF2D59+77145]
	Ordinal0 [0x00FFBB67+1162087]
	GetHandleVerifier [0x0111A966+508998]
	GetHandleVerifier [0x0111A6A4+508292]
	GetHandleVerifier [0x0112F7B7+594583]
	GetHandleVerifier [0x0111B1D6+511158]
	Ordinal0 [0x00FF402C+1130540]
	Ordinal0 [0x00FFD4CB+1168587]
	Ordinal0 [0x00FFD633+1168947]
	Ordinal0 [0x01015B35+1268533]
	BaseThreadInitThunk [0x76A90419+25]
	RtlGetAppContainerNamedObjectPath [0x776B662D+237]
	RtlGetAppContainerNamedObjectPath [0x776B65FD+189]

	at org.openqa.selenium.remote.W3CHandshakeResponse.lambda$errorHandler$0(W3CHandshakeResponse.java:62)
	at org.openqa.selenium.remote.HandshakeResponse.lambda$getResponseFunction$0(HandshakeResponse.java:30)
	at org.openqa.selenium.remote.ProtocolHandshake.lambda$createSession$0(ProtocolHandshake.java:126)
	at java.util.stream.ReferencePipeline$3$1.accept(Unknown Source)
	at java.util.Spliterators$ArraySpliterator.tryAdvance(Unknown Source)
	at java.util.stream.ReferencePipeline.forEachWithCancel(Unknown Source)
	at java.util.stream.AbstractPipeline.copyIntoWithCancel(Unknown Source)
	at java.util.stream.AbstractPipeline.copyInto(Unknown Source)
	at java.util.stream.AbstractPipeline.wrapAndCopyInto(Unknown Source)
	at java.util.stream.FindOps$FindOp.evaluateSequential(Unknown Source)
	at java.util.stream.AbstractPipeline.evaluate(Unknown Source)
	at java.util.stream.ReferencePipeline.findFirst(Unknown Source)
	at org.openqa.selenium.remote.ProtocolHandshake.createSession(ProtocolHandshake.java:128)
	at org.openqa.selenium.remote.ProtocolHandshake.createSession(ProtocolHandshake.java:74)
	at org.openqa.selenium.remote.HttpCommandExecutor.execute(HttpCommandExecutor.java:136)
	at org.openqa.selenium.remote.service.DriverCommandExecutor.execute(DriverCommandExecutor.java:83)
	at org.openqa.selenium.remote.RemoteWebDriver.execute(RemoteWebDriver.java:552)
	at org.openqa.selenium.remote.RemoteWebDriver.startSession(RemoteWebDriver.java:213)
	at org.openqa.selenium.remote.RemoteWebDriver.&lt;init&gt;(RemoteWebDriver.java:131)
	at org.openqa.selenium.chrome.ChromeDriver.&lt;init&gt;(ChromeDriver.java:181)
	at org.openqa.selenium.chrome.ChromeDriver.&lt;init&gt;(ChromeDriver.java:168)
	at org.openqa.selenium.chrome.ChromeDriver.&lt;init&gt;(ChromeDriver.java:123)
	at com.crm.ui.Base.initializeDriver(Base.java:32)
	at com.crm.ui.CRMAppAutomationTest.initialize(CRMAppAutomationTest.java:21)
... Removed 28 stack frames</pre></div><a href='#' onClick='toggleBox("stack-trace1599556802", this, "Click to show all stack frames", "Click to hide stack frames")'>Click to show all stack frames</a>
<div class='stack-trace' id='stack-trace1599556802'><pre>org.openqa.selenium.SessionNotCreatedException: session not created
from disconnected: received Inspector.detached event
  (Session info: chrome=80.0.3987.163)
Build info: version: &apos;3.141.59&apos;, revision: &apos;e82be7d358&apos;, time: &apos;2018-11-14T08:17:03&apos;
System info: host: &apos;DESKTOP-EUF29Q1&apos;, ip: &apos;169.254.217.165&apos;, os.name: &apos;Windows 10&apos;, os.arch: &apos;amd64&apos;, os.version: &apos;10.0&apos;, java.version: &apos;1.8.0_181&apos;
Driver info: driver.version: ChromeDriver
remote stacktrace: Backtrace:
	Ordinal0 [0x01080C83+1707139]
	Ordinal0 [0x00FE68F1+1075441]
	Ordinal0 [0x00F5DFC9+516041]
	Ordinal0 [0x00F5687B+485499]
	Ordinal0 [0x00F56499+484505]
	Ordinal0 [0x00F55D96+482710]
	Ordinal0 [0x00F553AC+480172]
	Ordinal0 [0x00F555D5+480725]
	Ordinal0 [0x00F55035+479285]
	Ordinal0 [0x00F5CD25+511269]
	Ordinal0 [0x00F54FE8+479208]
	Ordinal0 [0x00F55A3B+481851]
	Ordinal0 [0x00F553AC+480172]
	Ordinal0 [0x00F555D5+480725]
	Ordinal0 [0x00F55035+479285]
	Ordinal0 [0x00F5B5AE+505262]
	Ordinal0 [0x00F54FE8+479208]
	Ordinal0 [0x00F55A3B+481851]
	Ordinal0 [0x00F553AC+480172]
	Ordinal0 [0x00F555D5+480725]
	Ordinal0 [0x00F55035+479285]
	Ordinal0 [0x00F59E1C+499228]
	Ordinal0 [0x00F54FE8+479208]
	Ordinal0 [0x00F55A3B+481851]
	Ordinal0 [0x00F553AC+480172]
	Ordinal0 [0x00F555D5+480725]
	Ordinal0 [0x00F55035+479285]
	Ordinal0 [0x00F594B7+496823]
	Ordinal0 [0x00F54FE8+479208]
	Ordinal0 [0x00F55A3B+481851]
	Ordinal0 [0x00F553AC+480172]
	Ordinal0 [0x00F555D5+480725]
	Ordinal0 [0x00F55035+479285]
	Ordinal0 [0x00F51B5C+465756]
	Ordinal0 [0x00F54FE8+479208]
	Ordinal0 [0x00F54EC4+478916]
	Ordinal0 [0x00F5ECA0+519328]
	Ordinal0 [0x00F0CA67+182887]
	Ordinal0 [0x00F0BDDD+179677]
	Ordinal0 [0x00F09D4B+171339]
	Ordinal0 [0x00EF1D4A+73034]
	Ordinal0 [0x00EF2DC0+77248]
	Ordinal0 [0x00EF2D59+77145]
	Ordinal0 [0x00FFBB67+1162087]
	GetHandleVerifier [0x0111A966+508998]
	GetHandleVerifier [0x0111A6A4+508292]
	GetHandleVerifier [0x0112F7B7+594583]
	GetHandleVerifier [0x0111B1D6+511158]
	Ordinal0 [0x00FF402C+1130540]
	Ordinal0 [0x00FFD4CB+1168587]
	Ordinal0 [0x00FFD633+1168947]
	Ordinal0 [0x01015B35+1268533]
	BaseThreadInitThunk [0x76A90419+25]
	RtlGetAppContainerNamedObjectPath [0x776B662D+237]
	RtlGetAppContainerNamedObjectPath [0x776B65FD+189]

	at sun.reflect.NativeConstructorAccessorImpl.newInstance0(Native Method)
	at sun.reflect.NativeConstructorAccessorImpl.newInstance(Unknown Source)
	at sun.reflect.DelegatingConstructorAccessorImpl.newInstance(Unknown Source)
	at java.lang.reflect.Constructor.newInstance(Unknown Source)
	at org.openqa.selenium.remote.W3CHandshakeResponse.lambda$errorHandler$0(W3CHandshakeResponse.java:62)
	at org.openqa.selenium.remote.HandshakeResponse.lambda$getResponseFunction$0(HandshakeResponse.java:30)
	at org.openqa.selenium.remote.ProtocolHandshake.lambda$createSession$0(ProtocolHandshake.java:126)
	at java.util.stream.ReferencePipeline$3$1.accept(Unknown Source)
	at java.util.Spliterators$ArraySpliterator.tryAdvance(Unknown Source)
	at java.util.stream.ReferencePipeline.forEachWithCancel(Unknown Source)
	at java.util.stream.AbstractPipeline.copyIntoWithCancel(Unknown Source)
	at java.util.stream.AbstractPipeline.copyInto(Unknown Source)
	at java.util.stream.AbstractPipeline.wrapAndCopyInto(Unknown Source)
	at java.util.stream.FindOps$FindOp.evaluateSequential(Unknown Source)
	at java.util.stream.AbstractPipeline.evaluate(Unknown Source)
	at java.util.stream.ReferencePipeline.findFirst(Unknown Source)
	at org.openqa.selenium.remote.ProtocolHandshake.createSession(ProtocolHandshake.java:128)
	at org.openqa.selenium.remote.ProtocolHandshake.createSession(ProtocolHandshake.java:74)
	at org.openqa.selenium.remote.HttpCommandExecutor.execute(HttpCommandExecutor.java:136)
	at org.openqa.selenium.remote.service.DriverCommandExecutor.execute(DriverCommandExecutor.java:83)
	at org.openqa.selenium.remote.RemoteWebDriver.execute(RemoteWebDriver.java:552)
	at org.openqa.selenium.remote.RemoteWebDriver.startSession(RemoteWebDriver.java:213)
	at org.openqa.selenium.remote.RemoteWebDriver.&lt;init&gt;(RemoteWebDriver.java:131)
	at org.openqa.selenium.chrome.ChromeDriver.&lt;init&gt;(ChromeDriver.java:181)
	at org.openqa.selenium.chrome.ChromeDriver.&lt;init&gt;(ChromeDriver.java:168)
	at org.openqa.selenium.chrome.ChromeDriver.&lt;init&gt;(ChromeDriver.java:123)
	at com.crm.ui.Base.initializeDriver(Base.java:32)
	at com.crm.ui.CRMAppAutomationTest.initialize(CRMAppAutomationTest.java:21)
	at sun.reflect.NativeMethodAccessorImpl.invoke0(Native Method)
	at sun.reflect.NativeMethodAccessorImpl.invoke(Unknown Source)
	at sun.reflect.DelegatingMethodAccessorImpl.invoke(Unknown Source)
	at java.lang.reflect.Method.invoke(Unknown Source)
	at org.testng.internal.MethodInvocationHelper.invokeMethod(MethodInvocationHelper.java:134)
	at org.testng.internal.MethodInvocationHelper.invokeMethodConsideringTimeout(MethodInvocationHelper.java:63)
	at org.testng.internal.ConfigInvoker.invokeConfigurationMethod(ConfigInvoker.java:348)
	at org.testng.internal.ConfigInvoker.invokeConfigurations(ConfigInvoker.java:302)
	at org.testng.TestRunner.invokeTestConfigurations(TestRunner.java:619)
	at org.testng.TestRunner.beforeRun(TestRunner.java:609)
	at org.testng.TestRunner.run(TestRunner.java:580)
	at org.testng.SuiteRunner.runTest(SuiteRunner.java:384)
	at org.testng.SuiteRunner.runSequentially(SuiteRunner.java:378)
	at org.testng.SuiteRunner.privateRun(SuiteRunner.java:337)
	at org.testng.SuiteRunner.run(SuiteRunner.java:286)
	at org.testng.SuiteRunnerWorker.runSuite(SuiteRunnerWorker.java:53)
	at org.testng.SuiteRunnerWorker.run(SuiteRunnerWorker.java:96)
	at org.testng.TestNG.runSuitesSequentially(TestNG.java:1187)
	at org.testng.TestNG.runSuitesLocally(TestNG.java:1109)
	at org.testng.TestNG.runSuites(TestNG.java:1039)
	at org.testng.TestNG.run(TestNG.java:1007)
	at org.testng.remote.AbstractRemoteTestNG.run(AbstractRemoteTestNG.java:115)
	at org.testng.remote.RemoteTestNG.initAndRun(RemoteTestNG.java:251)
	at org.testng.remote.RemoteTestNG.main(RemoteTestNG.java:77)
</pre></div></td>
<td>26</td>
<td>com.crm.ui.CRMAppAutomationTest@3aeaafa6</td></tr>
</table><p>
<table width='100%' border='1' class='invocation-skipped'>
<tr><td colspan='4' align='center'><b>SKIPPED CONFIGURATIONS</b></td></tr>
<tr><td><b>Test method</b></td>
<td width="30%"><b>Exception</b></td>
<td width="10%"><b>Time (seconds)</b></td>
<td><b>Instance</b></td>
</tr>
<tr>
<td title='com.crm.ui.CRMAppAutomationTest.tearDown()'><b>tearDown</b><br>Test class: com.crm.ui.CRMAppAutomationTest</td>
<td></td>
<td>-1586433214</td>
<td>com.crm.ui.CRMAppAutomationTest@3aeaafa6</td></tr>
</table><p>
<table width='100%' border='1' class='invocation-passed'>
<tr><td colspan='4' align='center'><b>PASSED TESTS</b></td></tr>
<tr><td><b>Test method</b></td>
<td width="30%"><b>Exception</b></td>
<td width="10%"><b>Time (seconds)</b></td>
<td><b>Instance</b></td>
</tr>
<tr>
<td title='com.crm.api.APIRequestTest.testDemo()'><b>testDemo</b><br>Test class: com.crm.api.APIRequestTest</td>
<td></td>
<td>0</td>
<td>com.crm.api.APIRequestTest@51e2adc7</td></tr>
<tr>
<td title='com.crm.api.APIRequestTest.test_DELETERequest()'><b>test_DELETERequest</b><br>Test class: com.crm.api.APIRequestTest</td>
<td></td>
<td>3</td>
<td>com.crm.api.APIRequestTest@51e2adc7</td></tr>
<tr>
<td title='com.crm.api.APIRequestTest.test_GETRequest()'><b>test_GETRequest</b><br>Test class: com.crm.api.APIRequestTest</td>
<td></td>
<td>0</td>
<td>com.crm.api.APIRequestTest@51e2adc7</td></tr>
<tr>
<td title='com.crm.api.APIRequestTest.test_POSTRequest()'><b>test_POSTRequest</b><br>Test class: com.crm.api.APIRequestTest</td>
<td></td>
<td>0</td>
<td>com.crm.api.APIRequestTest@51e2adc7</td></tr>
<tr>
<td title='com.crm.api.APIRequestTest.test_PUTRequest()'><b>test_PUTRequest</b><br>Test class: com.crm.api.APIRequestTest</td>
<td></td>
<td>0</td>
<td>com.crm.api.APIRequestTest@51e2adc7</td></tr>
</table><p>
<table width='100%' border='1' class='invocation-skipped'>
<tr><td colspan='4' align='center'><b>SKIPPED TESTS</b></td></tr>
<tr><td><b>Test method</b></td>
<td width="30%"><b>Exception</b></td>
<td width="10%"><b>Time (seconds)</b></td>
<td><b>Instance</b></td>
</tr>
<tr>
<td title='com.crm.ui.CRMAppAutomationTest.addCRMCustomer()'><b>addCRMCustomer</b><br>Test class: com.crm.ui.CRMAppAutomationTest</td>
<td><div><pre>org.openqa.selenium.SessionNotCreatedException: session not created
from disconnected: received Inspector.detached event
  (Session info: chrome=80.0.3987.163)
Build info: version: &apos;3.141.59&apos;, revision: &apos;e82be7d358&apos;, time: &apos;2018-11-14T08:17:03&apos;
System info: host: &apos;DESKTOP-EUF29Q1&apos;, ip: &apos;169.254.217.165&apos;, os.name: &apos;Windows 10&apos;, os.arch: &apos;amd64&apos;, os.version: &apos;10.0&apos;, java.version: &apos;1.8.0_181&apos;
Driver info: driver.version: ChromeDriver
remote stacktrace: Backtrace:
	Ordinal0 [0x01080C83+1707139]
	Ordinal0 [0x00FE68F1+1075441]
	Ordinal0 [0x00F5DFC9+516041]
	Ordinal0 [0x00F5687B+485499]
	Ordinal0 [0x00F56499+484505]
	Ordinal0 [0x00F55D96+482710]
	Ordinal0 [0x00F553AC+480172]
	Ordinal0 [0x00F555D5+480725]
	Ordinal0 [0x00F55035+479285]
	Ordinal0 [0x00F5CD25+511269]
	Ordinal0 [0x00F54FE8+479208]
	Ordinal0 [0x00F55A3B+481851]
	Ordinal0 [0x00F553AC+480172]
	Ordinal0 [0x00F555D5+480725]
	Ordinal0 [0x00F55035+479285]
	Ordinal0 [0x00F5B5AE+505262]
	Ordinal0 [0x00F54FE8+479208]
	Ordinal0 [0x00F55A3B+481851]
	Ordinal0 [0x00F553AC+480172]
	Ordinal0 [0x00F555D5+480725]
	Ordinal0 [0x00F55035+479285]
	Ordinal0 [0x00F59E1C+499228]
	Ordinal0 [0x00F54FE8+479208]
	Ordinal0 [0x00F55A3B+481851]
	Ordinal0 [0x00F553AC+480172]
	Ordinal0 [0x00F555D5+480725]
	Ordinal0 [0x00F55035+479285]
	Ordinal0 [0x00F594B7+496823]
	Ordinal0 [0x00F54FE8+479208]
	Ordinal0 [0x00F55A3B+481851]
	Ordinal0 [0x00F553AC+480172]
	Ordinal0 [0x00F555D5+480725]
	Ordinal0 [0x00F55035+479285]
	Ordinal0 [0x00F51B5C+465756]
	Ordinal0 [0x00F54FE8+479208]
	Ordinal0 [0x00F54EC4+478916]
	Ordinal0 [0x00F5ECA0+519328]
	Ordinal0 [0x00F0CA67+182887]
	Ordinal0 [0x00F0BDDD+179677]
	Ordinal0 [0x00F09D4B+171339]
	Ordinal0 [0x00EF1D4A+73034]
	Ordinal0 [0x00EF2DC0+77248]
	Ordinal0 [0x00EF2D59+77145]
	Ordinal0 [0x00FFBB67+1162087]
	GetHandleVerifier [0x0111A966+508998]
	GetHandleVerifier [0x0111A6A4+508292]
	GetHandleVerifier [0x0112F7B7+594583]
	GetHandleVerifier [0x0111B1D6+511158]
	Ordinal0 [0x00FF402C+1130540]
	Ordinal0 [0x00FFD4CB+1168587]
	Ordinal0 [0x00FFD633+1168947]
	Ordinal0 [0x01015B35+1268533]
	BaseThreadInitThunk [0x76A90419+25]
	RtlGetAppContainerNamedObjectPath [0x776B662D+237]
	RtlGetAppContainerNamedObjectPath [0x776B65FD+189]

	at org.openqa.selenium.remote.W3CHandshakeResponse.lambda$errorHandler$0(W3CHandshakeResponse.java:62)
	at org.openqa.selenium.remote.HandshakeResponse.lambda$getResponseFunction$0(HandshakeResponse.java:30)
	at org.openqa.selenium.remote.ProtocolHandshake.lambda$createSession$0(ProtocolHandshake.java:126)
	at java.util.stream.ReferencePipeline$3$1.accept(Unknown Source)
	at java.util.Spliterators$ArraySpliterator.tryAdvance(Unknown Source)
	at java.util.stream.ReferencePipeline.forEachWithCancel(Unknown Source)
	at java.util.stream.AbstractPipeline.copyIntoWithCancel(Unknown Source)
	at java.util.stream.AbstractPipeline.copyInto(Unknown Source)
	at java.util.stream.AbstractPipeline.wrapAndCopyInto(Unknown Source)
	at java.util.stream.FindOps$FindOp.evaluateSequential(Unknown Source)
	at java.util.stream.AbstractPipeline.evaluate(Unknown Source)
	at java.util.stream.ReferencePipeline.findFirst(Unknown Source)
	at org.openqa.selenium.remote.ProtocolHandshake.createSession(ProtocolHandshake.java:128)
	at org.openqa.selenium.remote.ProtocolHandshake.createSession(ProtocolHandshake.java:74)
	at org.openqa.selenium.remote.HttpCommandExecutor.execute(HttpCommandExecutor.java:136)
	at org.openqa.selenium.remote.service.DriverCommandExecutor.execute(DriverCommandExecutor.java:83)
	at org.openqa.selenium.remote.RemoteWebDriver.execute(RemoteWebDriver.java:552)
	at org.openqa.selenium.remote.RemoteWebDriver.startSession(RemoteWebDriver.java:213)
	at org.openqa.selenium.remote.RemoteWebDriver.&lt;init&gt;(RemoteWebDriver.java:131)
	at org.openqa.selenium.chrome.ChromeDriver.&lt;init&gt;(ChromeDriver.java:181)
	at org.openqa.selenium.chrome.ChromeDriver.&lt;init&gt;(ChromeDriver.java:168)
	at org.openqa.selenium.chrome.ChromeDriver.&lt;init&gt;(ChromeDriver.java:123)
	at com.crm.ui.Base.initializeDriver(Base.java:32)
	at com.crm.ui.CRMAppAutomationTest.initialize(CRMAppAutomationTest.java:21)
... Removed 28 stack frames</pre></div><a href='#' onClick='toggleBox("stack-trace1612853208", this, "Click to show all stack frames", "Click to hide stack frames")'>Click to show all stack frames</a>
<div class='stack-trace' id='stack-trace1612853208'><pre>org.openqa.selenium.SessionNotCreatedException: session not created
from disconnected: received Inspector.detached event
  (Session info: chrome=80.0.3987.163)
Build info: version: &apos;3.141.59&apos;, revision: &apos;e82be7d358&apos;, time: &apos;2018-11-14T08:17:03&apos;
System info: host: &apos;DESKTOP-EUF29Q1&apos;, ip: &apos;169.254.217.165&apos;, os.name: &apos;Windows 10&apos;, os.arch: &apos;amd64&apos;, os.version: &apos;10.0&apos;, java.version: &apos;1.8.0_181&apos;
Driver info: driver.version: ChromeDriver
remote stacktrace: Backtrace:
	Ordinal0 [0x01080C83+1707139]
	Ordinal0 [0x00FE68F1+1075441]
	Ordinal0 [0x00F5DFC9+516041]
	Ordinal0 [0x00F5687B+485499]
	Ordinal0 [0x00F56499+484505]
	Ordinal0 [0x00F55D96+482710]
	Ordinal0 [0x00F553AC+480172]
	Ordinal0 [0x00F555D5+480725]
	Ordinal0 [0x00F55035+479285]
	Ordinal0 [0x00F5CD25+511269]
	Ordinal0 [0x00F54FE8+479208]
	Ordinal0 [0x00F55A3B+481851]
	Ordinal0 [0x00F553AC+480172]
	Ordinal0 [0x00F555D5+480725]
	Ordinal0 [0x00F55035+479285]
	Ordinal0 [0x00F5B5AE+505262]
	Ordinal0 [0x00F54FE8+479208]
	Ordinal0 [0x00F55A3B+481851]
	Ordinal0 [0x00F553AC+480172]
	Ordinal0 [0x00F555D5+480725]
	Ordinal0 [0x00F55035+479285]
	Ordinal0 [0x00F59E1C+499228]
	Ordinal0 [0x00F54FE8+479208]
	Ordinal0 [0x00F55A3B+481851]
	Ordinal0 [0x00F553AC+480172]
	Ordinal0 [0x00F555D5+480725]
	Ordinal0 [0x00F55035+479285]
	Ordinal0 [0x00F594B7+496823]
	Ordinal0 [0x00F54FE8+479208]
	Ordinal0 [0x00F55A3B+481851]
	Ordinal0 [0x00F553AC+480172]
	Ordinal0 [0x00F555D5+480725]
	Ordinal0 [0x00F55035+479285]
	Ordinal0 [0x00F51B5C+465756]
	Ordinal0 [0x00F54FE8+479208]
	Ordinal0 [0x00F54EC4+478916]
	Ordinal0 [0x00F5ECA0+519328]
	Ordinal0 [0x00F0CA67+182887]
	Ordinal0 [0x00F0BDDD+179677]
	Ordinal0 [0x00F09D4B+171339]
	Ordinal0 [0x00EF1D4A+73034]
	Ordinal0 [0x00EF2DC0+77248]
	Ordinal0 [0x00EF2D59+77145]
	Ordinal0 [0x00FFBB67+1162087]
	GetHandleVerifier [0x0111A966+508998]
	GetHandleVerifier [0x0111A6A4+508292]
	GetHandleVerifier [0x0112F7B7+594583]
	GetHandleVerifier [0x0111B1D6+511158]
	Ordinal0 [0x00FF402C+1130540]
	Ordinal0 [0x00FFD4CB+1168587]
	Ordinal0 [0x00FFD633+1168947]
	Ordinal0 [0x01015B35+1268533]
	BaseThreadInitThunk [0x76A90419+25]
	RtlGetAppContainerNamedObjectPath [0x776B662D+237]
	RtlGetAppContainerNamedObjectPath [0x776B65FD+189]

	at sun.reflect.NativeConstructorAccessorImpl.newInstance0(Native Method)
	at sun.reflect.NativeConstructorAccessorImpl.newInstance(Unknown Source)
	at sun.reflect.DelegatingConstructorAccessorImpl.newInstance(Unknown Source)
	at java.lang.reflect.Constructor.newInstance(Unknown Source)
	at org.openqa.selenium.remote.W3CHandshakeResponse.lambda$errorHandler$0(W3CHandshakeResponse.java:62)
	at org.openqa.selenium.remote.HandshakeResponse.lambda$getResponseFunction$0(HandshakeResponse.java:30)
	at org.openqa.selenium.remote.ProtocolHandshake.lambda$createSession$0(ProtocolHandshake.java:126)
	at java.util.stream.ReferencePipeline$3$1.accept(Unknown Source)
	at java.util.Spliterators$ArraySpliterator.tryAdvance(Unknown Source)
	at java.util.stream.ReferencePipeline.forEachWithCancel(Unknown Source)
	at java.util.stream.AbstractPipeline.copyIntoWithCancel(Unknown Source)
	at java.util.stream.AbstractPipeline.copyInto(Unknown Source)
	at java.util.stream.AbstractPipeline.wrapAndCopyInto(Unknown Source)
	at java.util.stream.FindOps$FindOp.evaluateSequential(Unknown Source)
	at java.util.stream.AbstractPipeline.evaluate(Unknown Source)
	at java.util.stream.ReferencePipeline.findFirst(Unknown Source)
	at org.openqa.selenium.remote.ProtocolHandshake.createSession(ProtocolHandshake.java:128)
	at org.openqa.selenium.remote.ProtocolHandshake.createSession(ProtocolHandshake.java:74)
	at org.openqa.selenium.remote.HttpCommandExecutor.execute(HttpCommandExecutor.java:136)
	at org.openqa.selenium.remote.service.DriverCommandExecutor.execute(DriverCommandExecutor.java:83)
	at org.openqa.selenium.remote.RemoteWebDriver.execute(RemoteWebDriver.java:552)
	at org.openqa.selenium.remote.RemoteWebDriver.startSession(RemoteWebDriver.java:213)
	at org.openqa.selenium.remote.RemoteWebDriver.&lt;init&gt;(RemoteWebDriver.java:131)
	at org.openqa.selenium.chrome.ChromeDriver.&lt;init&gt;(ChromeDriver.java:181)
	at org.openqa.selenium.chrome.ChromeDriver.&lt;init&gt;(ChromeDriver.java:168)
	at org.openqa.selenium.chrome.ChromeDriver.&lt;init&gt;(ChromeDriver.java:123)
	at com.crm.ui.Base.initializeDriver(Base.java:32)
	at com.crm.ui.CRMAppAutomationTest.initialize(CRMAppAutomationTest.java:21)
	at sun.reflect.NativeMethodAccessorImpl.invoke0(Native Method)
	at sun.reflect.NativeMethodAccessorImpl.invoke(Unknown Source)
	at sun.reflect.DelegatingMethodAccessorImpl.invoke(Unknown Source)
	at java.lang.reflect.Method.invoke(Unknown Source)
	at org.testng.internal.MethodInvocationHelper.invokeMethod(MethodInvocationHelper.java:134)
	at org.testng.internal.MethodInvocationHelper.invokeMethodConsideringTimeout(MethodInvocationHelper.java:63)
	at org.testng.internal.ConfigInvoker.invokeConfigurationMethod(ConfigInvoker.java:348)
	at org.testng.internal.ConfigInvoker.invokeConfigurations(ConfigInvoker.java:302)
	at org.testng.TestRunner.invokeTestConfigurations(TestRunner.java:619)
	at org.testng.TestRunner.beforeRun(TestRunner.java:609)
	at org.testng.TestRunner.run(TestRunner.java:580)
	at org.testng.SuiteRunner.runTest(SuiteRunner.java:384)
	at org.testng.SuiteRunner.runSequentially(SuiteRunner.java:378)
	at org.testng.SuiteRunner.privateRun(SuiteRunner.java:337)
	at org.testng.SuiteRunner.run(SuiteRunner.java:286)
	at org.testng.SuiteRunnerWorker.runSuite(SuiteRunnerWorker.java:53)
	at org.testng.SuiteRunnerWorker.run(SuiteRunnerWorker.java:96)
	at org.testng.TestNG.runSuitesSequentially(TestNG.java:1187)
	at org.testng.TestNG.runSuitesLocally(TestNG.java:1109)
	at org.testng.TestNG.runSuites(TestNG.java:1039)
	at org.testng.TestNG.run(TestNG.java:1007)
	at org.testng.remote.AbstractRemoteTestNG.run(AbstractRemoteTestNG.java:115)
	at org.testng.remote.RemoteTestNG.initAndRun(RemoteTestNG.java:251)
	at org.testng.remote.RemoteTestNG.main(RemoteTestNG.java:77)
</pre></div></td>
<td>0</td>
<td>com.crm.ui.CRMAppAutomationTest@3aeaafa6</td></tr>
<tr>
<td title='com.crm.ui.CRMAppAutomationTest.deleteCRMCustomer()'><b>deleteCRMCustomer</b><br>Test class: com.crm.ui.CRMAppAutomationTest</td>
<td><div><pre>org.openqa.selenium.SessionNotCreatedException: session not created
from disconnected: received Inspector.detached event
  (Session info: chrome=80.0.3987.163)
Build info: version: &apos;3.141.59&apos;, revision: &apos;e82be7d358&apos;, time: &apos;2018-11-14T08:17:03&apos;
System info: host: &apos;DESKTOP-EUF29Q1&apos;, ip: &apos;169.254.217.165&apos;, os.name: &apos;Windows 10&apos;, os.arch: &apos;amd64&apos;, os.version: &apos;10.0&apos;, java.version: &apos;1.8.0_181&apos;
Driver info: driver.version: ChromeDriver
remote stacktrace: Backtrace:
	Ordinal0 [0x01080C83+1707139]
	Ordinal0 [0x00FE68F1+1075441]
	Ordinal0 [0x00F5DFC9+516041]
	Ordinal0 [0x00F5687B+485499]
	Ordinal0 [0x00F56499+484505]
	Ordinal0 [0x00F55D96+482710]
	Ordinal0 [0x00F553AC+480172]
	Ordinal0 [0x00F555D5+480725]
	Ordinal0 [0x00F55035+479285]
	Ordinal0 [0x00F5CD25+511269]
	Ordinal0 [0x00F54FE8+479208]
	Ordinal0 [0x00F55A3B+481851]
	Ordinal0 [0x00F553AC+480172]
	Ordinal0 [0x00F555D5+480725]
	Ordinal0 [0x00F55035+479285]
	Ordinal0 [0x00F5B5AE+505262]
	Ordinal0 [0x00F54FE8+479208]
	Ordinal0 [0x00F55A3B+481851]
	Ordinal0 [0x00F553AC+480172]
	Ordinal0 [0x00F555D5+480725]
	Ordinal0 [0x00F55035+479285]
	Ordinal0 [0x00F59E1C+499228]
	Ordinal0 [0x00F54FE8+479208]
	Ordinal0 [0x00F55A3B+481851]
	Ordinal0 [0x00F553AC+480172]
	Ordinal0 [0x00F555D5+480725]
	Ordinal0 [0x00F55035+479285]
	Ordinal0 [0x00F594B7+496823]
	Ordinal0 [0x00F54FE8+479208]
	Ordinal0 [0x00F55A3B+481851]
	Ordinal0 [0x00F553AC+480172]
	Ordinal0 [0x00F555D5+480725]
	Ordinal0 [0x00F55035+479285]
	Ordinal0 [0x00F51B5C+465756]
	Ordinal0 [0x00F54FE8+479208]
	Ordinal0 [0x00F54EC4+478916]
	Ordinal0 [0x00F5ECA0+519328]
	Ordinal0 [0x00F0CA67+182887]
	Ordinal0 [0x00F0BDDD+179677]
	Ordinal0 [0x00F09D4B+171339]
	Ordinal0 [0x00EF1D4A+73034]
	Ordinal0 [0x00EF2DC0+77248]
	Ordinal0 [0x00EF2D59+77145]
	Ordinal0 [0x00FFBB67+1162087]
	GetHandleVerifier [0x0111A966+508998]
	GetHandleVerifier [0x0111A6A4+508292]
	GetHandleVerifier [0x0112F7B7+594583]
	GetHandleVerifier [0x0111B1D6+511158]
	Ordinal0 [0x00FF402C+1130540]
	Ordinal0 [0x00FFD4CB+1168587]
	Ordinal0 [0x00FFD633+1168947]
	Ordinal0 [0x01015B35+1268533]
	BaseThreadInitThunk [0x76A90419+25]
	RtlGetAppContainerNamedObjectPath [0x776B662D+237]
	RtlGetAppContainerNamedObjectPath [0x776B65FD+189]

	at org.openqa.selenium.remote.W3CHandshakeResponse.lambda$errorHandler$0(W3CHandshakeResponse.java:62)
	at org.openqa.selenium.remote.HandshakeResponse.lambda$getResponseFunction$0(HandshakeResponse.java:30)
	at org.openqa.selenium.remote.ProtocolHandshake.lambda$createSession$0(ProtocolHandshake.java:126)
	at java.util.stream.ReferencePipeline$3$1.accept(Unknown Source)
	at java.util.Spliterators$ArraySpliterator.tryAdvance(Unknown Source)
	at java.util.stream.ReferencePipeline.forEachWithCancel(Unknown Source)
	at java.util.stream.AbstractPipeline.copyIntoWithCancel(Unknown Source)
	at java.util.stream.AbstractPipeline.copyInto(Unknown Source)
	at java.util.stream.AbstractPipeline.wrapAndCopyInto(Unknown Source)
	at java.util.stream.FindOps$FindOp.evaluateSequential(Unknown Source)
	at java.util.stream.AbstractPipeline.evaluate(Unknown Source)
	at java.util.stream.ReferencePipeline.findFirst(Unknown Source)
	at org.openqa.selenium.remote.ProtocolHandshake.createSession(ProtocolHandshake.java:128)
	at org.openqa.selenium.remote.ProtocolHandshake.createSession(ProtocolHandshake.java:74)
	at org.openqa.selenium.remote.HttpCommandExecutor.execute(HttpCommandExecutor.java:136)
	at org.openqa.selenium.remote.service.DriverCommandExecutor.execute(DriverCommandExecutor.java:83)
	at org.openqa.selenium.remote.RemoteWebDriver.execute(RemoteWebDriver.java:552)
	at org.openqa.selenium.remote.RemoteWebDriver.startSession(RemoteWebDriver.java:213)
	at org.openqa.selenium.remote.RemoteWebDriver.&lt;init&gt;(RemoteWebDriver.java:131)
	at org.openqa.selenium.chrome.ChromeDriver.&lt;init&gt;(ChromeDriver.java:181)
	at org.openqa.selenium.chrome.ChromeDriver.&lt;init&gt;(ChromeDriver.java:168)
	at org.openqa.selenium.chrome.ChromeDriver.&lt;init&gt;(ChromeDriver.java:123)
	at com.crm.ui.Base.initializeDriver(Base.java:32)
	at com.crm.ui.CRMAppAutomationTest.initialize(CRMAppAutomationTest.java:21)
... Removed 28 stack frames</pre></div><a href='#' onClick='toggleBox("stack-trace1405055124", this, "Click to show all stack frames", "Click to hide stack frames")'>Click to show all stack frames</a>
<div class='stack-trace' id='stack-trace1405055124'><pre>org.openqa.selenium.SessionNotCreatedException: session not created
from disconnected: received Inspector.detached event
  (Session info: chrome=80.0.3987.163)
Build info: version: &apos;3.141.59&apos;, revision: &apos;e82be7d358&apos;, time: &apos;2018-11-14T08:17:03&apos;
System info: host: &apos;DESKTOP-EUF29Q1&apos;, ip: &apos;169.254.217.165&apos;, os.name: &apos;Windows 10&apos;, os.arch: &apos;amd64&apos;, os.version: &apos;10.0&apos;, java.version: &apos;1.8.0_181&apos;
Driver info: driver.version: ChromeDriver
remote stacktrace: Backtrace:
	Ordinal0 [0x01080C83+1707139]
	Ordinal0 [0x00FE68F1+1075441]
	Ordinal0 [0x00F5DFC9+516041]
	Ordinal0 [0x00F5687B+485499]
	Ordinal0 [0x00F56499+484505]
	Ordinal0 [0x00F55D96+482710]
	Ordinal0 [0x00F553AC+480172]
	Ordinal0 [0x00F555D5+480725]
	Ordinal0 [0x00F55035+479285]
	Ordinal0 [0x00F5CD25+511269]
	Ordinal0 [0x00F54FE8+479208]
	Ordinal0 [0x00F55A3B+481851]
	Ordinal0 [0x00F553AC+480172]
	Ordinal0 [0x00F555D5+480725]
	Ordinal0 [0x00F55035+479285]
	Ordinal0 [0x00F5B5AE+505262]
	Ordinal0 [0x00F54FE8+479208]
	Ordinal0 [0x00F55A3B+481851]
	Ordinal0 [0x00F553AC+480172]
	Ordinal0 [0x00F555D5+480725]
	Ordinal0 [0x00F55035+479285]
	Ordinal0 [0x00F59E1C+499228]
	Ordinal0 [0x00F54FE8+479208]
	Ordinal0 [0x00F55A3B+481851]
	Ordinal0 [0x00F553AC+480172]
	Ordinal0 [0x00F555D5+480725]
	Ordinal0 [0x00F55035+479285]
	Ordinal0 [0x00F594B7+496823]
	Ordinal0 [0x00F54FE8+479208]
	Ordinal0 [0x00F55A3B+481851]
	Ordinal0 [0x00F553AC+480172]
	Ordinal0 [0x00F555D5+480725]
	Ordinal0 [0x00F55035+479285]
	Ordinal0 [0x00F51B5C+465756]
	Ordinal0 [0x00F54FE8+479208]
	Ordinal0 [0x00F54EC4+478916]
	Ordinal0 [0x00F5ECA0+519328]
	Ordinal0 [0x00F0CA67+182887]
	Ordinal0 [0x00F0BDDD+179677]
	Ordinal0 [0x00F09D4B+171339]
	Ordinal0 [0x00EF1D4A+73034]
	Ordinal0 [0x00EF2DC0+77248]
	Ordinal0 [0x00EF2D59+77145]
	Ordinal0 [0x00FFBB67+1162087]
	GetHandleVerifier [0x0111A966+508998]
	GetHandleVerifier [0x0111A6A4+508292]
	GetHandleVerifier [0x0112F7B7+594583]
	GetHandleVerifier [0x0111B1D6+511158]
	Ordinal0 [0x00FF402C+1130540]
	Ordinal0 [0x00FFD4CB+1168587]
	Ordinal0 [0x00FFD633+1168947]
	Ordinal0 [0x01015B35+1268533]
	BaseThreadInitThunk [0x76A90419+25]
	RtlGetAppContainerNamedObjectPath [0x776B662D+237]
	RtlGetAppContainerNamedObjectPath [0x776B65FD+189]

	at sun.reflect.NativeConstructorAccessorImpl.newInstance0(Native Method)
	at sun.reflect.NativeConstructorAccessorImpl.newInstance(Unknown Source)
	at sun.reflect.DelegatingConstructorAccessorImpl.newInstance(Unknown Source)
	at java.lang.reflect.Constructor.newInstance(Unknown Source)
	at org.openqa.selenium.remote.W3CHandshakeResponse.lambda$errorHandler$0(W3CHandshakeResponse.java:62)
	at org.openqa.selenium.remote.HandshakeResponse.lambda$getResponseFunction$0(HandshakeResponse.java:30)
	at org.openqa.selenium.remote.ProtocolHandshake.lambda$createSession$0(ProtocolHandshake.java:126)
	at java.util.stream.ReferencePipeline$3$1.accept(Unknown Source)
	at java.util.Spliterators$ArraySpliterator.tryAdvance(Unknown Source)
	at java.util.stream.ReferencePipeline.forEachWithCancel(Unknown Source)
	at java.util.stream.AbstractPipeline.copyIntoWithCancel(Unknown Source)
	at java.util.stream.AbstractPipeline.copyInto(Unknown Source)
	at java.util.stream.AbstractPipeline.wrapAndCopyInto(Unknown Source)
	at java.util.stream.FindOps$FindOp.evaluateSequential(Unknown Source)
	at java.util.stream.AbstractPipeline.evaluate(Unknown Source)
	at java.util.stream.ReferencePipeline.findFirst(Unknown Source)
	at org.openqa.selenium.remote.ProtocolHandshake.createSession(ProtocolHandshake.java:128)
	at org.openqa.selenium.remote.ProtocolHandshake.createSession(ProtocolHandshake.java:74)
	at org.openqa.selenium.remote.HttpCommandExecutor.execute(HttpCommandExecutor.java:136)
	at org.openqa.selenium.remote.service.DriverCommandExecutor.execute(DriverCommandExecutor.java:83)
	at org.openqa.selenium.remote.RemoteWebDriver.execute(RemoteWebDriver.java:552)
	at org.openqa.selenium.remote.RemoteWebDriver.startSession(RemoteWebDriver.java:213)
	at org.openqa.selenium.remote.RemoteWebDriver.&lt;init&gt;(RemoteWebDriver.java:131)
	at org.openqa.selenium.chrome.ChromeDriver.&lt;init&gt;(ChromeDriver.java:181)
	at org.openqa.selenium.chrome.ChromeDriver.&lt;init&gt;(ChromeDriver.java:168)
	at org.openqa.selenium.chrome.ChromeDriver.&lt;init&gt;(ChromeDriver.java:123)
	at com.crm.ui.Base.initializeDriver(Base.java:32)
	at com.crm.ui.CRMAppAutomationTest.initialize(CRMAppAutomationTest.java:21)
	at sun.reflect.NativeMethodAccessorImpl.invoke0(Native Method)
	at sun.reflect.NativeMethodAccessorImpl.invoke(Unknown Source)
	at sun.reflect.DelegatingMethodAccessorImpl.invoke(Unknown Source)
	at java.lang.reflect.Method.invoke(Unknown Source)
	at org.testng.internal.MethodInvocationHelper.invokeMethod(MethodInvocationHelper.java:134)
	at org.testng.internal.MethodInvocationHelper.invokeMethodConsideringTimeout(MethodInvocationHelper.java:63)
	at org.testng.internal.ConfigInvoker.invokeConfigurationMethod(ConfigInvoker.java:348)
	at org.testng.internal.ConfigInvoker.invokeConfigurations(ConfigInvoker.java:302)
	at org.testng.TestRunner.invokeTestConfigurations(TestRunner.java:619)
	at org.testng.TestRunner.beforeRun(TestRunner.java:609)
	at org.testng.TestRunner.run(TestRunner.java:580)
	at org.testng.SuiteRunner.runTest(SuiteRunner.java:384)
	at org.testng.SuiteRunner.runSequentially(SuiteRunner.java:378)
	at org.testng.SuiteRunner.privateRun(SuiteRunner.java:337)
	at org.testng.SuiteRunner.run(SuiteRunner.java:286)
	at org.testng.SuiteRunnerWorker.runSuite(SuiteRunnerWorker.java:53)
	at org.testng.SuiteRunnerWorker.run(SuiteRunnerWorker.java:96)
	at org.testng.TestNG.runSuitesSequentially(TestNG.java:1187)
	at org.testng.TestNG.runSuitesLocally(TestNG.java:1109)
	at org.testng.TestNG.runSuites(TestNG.java:1039)
	at org.testng.TestNG.run(TestNG.java:1007)
	at org.testng.remote.AbstractRemoteTestNG.run(AbstractRemoteTestNG.java:115)
	at org.testng.remote.RemoteTestNG.initAndRun(RemoteTestNG.java:251)
	at org.testng.remote.RemoteTestNG.main(RemoteTestNG.java:77)
</pre></div></td>
<td>0</td>
<td>com.crm.ui.CRMAppAutomationTest@3aeaafa6</td></tr>
<tr>
<td title='com.crm.ui.CRMAppAutomationTest.updateCRMCustomer()'><b>updateCRMCustomer</b><br>Test class: com.crm.ui.CRMAppAutomationTest</td>
<td><div><pre>org.openqa.selenium.SessionNotCreatedException: session not created
from disconnected: received Inspector.detached event
  (Session info: chrome=80.0.3987.163)
Build info: version: &apos;3.141.59&apos;, revision: &apos;e82be7d358&apos;, time: &apos;2018-11-14T08:17:03&apos;
System info: host: &apos;DESKTOP-EUF29Q1&apos;, ip: &apos;169.254.217.165&apos;, os.name: &apos;Windows 10&apos;, os.arch: &apos;amd64&apos;, os.version: &apos;10.0&apos;, java.version: &apos;1.8.0_181&apos;
Driver info: driver.version: ChromeDriver
remote stacktrace: Backtrace:
	Ordinal0 [0x01080C83+1707139]
	Ordinal0 [0x00FE68F1+1075441]
	Ordinal0 [0x00F5DFC9+516041]
	Ordinal0 [0x00F5687B+485499]
	Ordinal0 [0x00F56499+484505]
	Ordinal0 [0x00F55D96+482710]
	Ordinal0 [0x00F553AC+480172]
	Ordinal0 [0x00F555D5+480725]
	Ordinal0 [0x00F55035+479285]
	Ordinal0 [0x00F5CD25+511269]
	Ordinal0 [0x00F54FE8+479208]
	Ordinal0 [0x00F55A3B+481851]
	Ordinal0 [0x00F553AC+480172]
	Ordinal0 [0x00F555D5+480725]
	Ordinal0 [0x00F55035+479285]
	Ordinal0 [0x00F5B5AE+505262]
	Ordinal0 [0x00F54FE8+479208]
	Ordinal0 [0x00F55A3B+481851]
	Ordinal0 [0x00F553AC+480172]
	Ordinal0 [0x00F555D5+480725]
	Ordinal0 [0x00F55035+479285]
	Ordinal0 [0x00F59E1C+499228]
	Ordinal0 [0x00F54FE8+479208]
	Ordinal0 [0x00F55A3B+481851]
	Ordinal0 [0x00F553AC+480172]
	Ordinal0 [0x00F555D5+480725]
	Ordinal0 [0x00F55035+479285]
	Ordinal0 [0x00F594B7+496823]
	Ordinal0 [0x00F54FE8+479208]
	Ordinal0 [0x00F55A3B+481851]
	Ordinal0 [0x00F553AC+480172]
	Ordinal0 [0x00F555D5+480725]
	Ordinal0 [0x00F55035+479285]
	Ordinal0 [0x00F51B5C+465756]
	Ordinal0 [0x00F54FE8+479208]
	Ordinal0 [0x00F54EC4+478916]
	Ordinal0 [0x00F5ECA0+519328]
	Ordinal0 [0x00F0CA67+182887]
	Ordinal0 [0x00F0BDDD+179677]
	Ordinal0 [0x00F09D4B+171339]
	Ordinal0 [0x00EF1D4A+73034]
	Ordinal0 [0x00EF2DC0+77248]
	Ordinal0 [0x00EF2D59+77145]
	Ordinal0 [0x00FFBB67+1162087]
	GetHandleVerifier [0x0111A966+508998]
	GetHandleVerifier [0x0111A6A4+508292]
	GetHandleVerifier [0x0112F7B7+594583]
	GetHandleVerifier [0x0111B1D6+511158]
	Ordinal0 [0x00FF402C+1130540]
	Ordinal0 [0x00FFD4CB+1168587]
	Ordinal0 [0x00FFD633+1168947]
	Ordinal0 [0x01015B35+1268533]
	BaseThreadInitThunk [0x76A90419+25]
	RtlGetAppContainerNamedObjectPath [0x776B662D+237]
	RtlGetAppContainerNamedObjectPath [0x776B65FD+189]

	at org.openqa.selenium.remote.W3CHandshakeResponse.lambda$errorHandler$0(W3CHandshakeResponse.java:62)
	at org.openqa.selenium.remote.HandshakeResponse.lambda$getResponseFunction$0(HandshakeResponse.java:30)
	at org.openqa.selenium.remote.ProtocolHandshake.lambda$createSession$0(ProtocolHandshake.java:126)
	at java.util.stream.ReferencePipeline$3$1.accept(Unknown Source)
	at java.util.Spliterators$ArraySpliterator.tryAdvance(Unknown Source)
	at java.util.stream.ReferencePipeline.forEachWithCancel(Unknown Source)
	at java.util.stream.AbstractPipeline.copyIntoWithCancel(Unknown Source)
	at java.util.stream.AbstractPipeline.copyInto(Unknown Source)
	at java.util.stream.AbstractPipeline.wrapAndCopyInto(Unknown Source)
	at java.util.stream.FindOps$FindOp.evaluateSequential(Unknown Source)
	at java.util.stream.AbstractPipeline.evaluate(Unknown Source)
	at java.util.stream.ReferencePipeline.findFirst(Unknown Source)
	at org.openqa.selenium.remote.ProtocolHandshake.createSession(ProtocolHandshake.java:128)
	at org.openqa.selenium.remote.ProtocolHandshake.createSession(ProtocolHandshake.java:74)
	at org.openqa.selenium.remote.HttpCommandExecutor.execute(HttpCommandExecutor.java:136)
	at org.openqa.selenium.remote.service.DriverCommandExecutor.execute(DriverCommandExecutor.java:83)
	at org.openqa.selenium.remote.RemoteWebDriver.execute(RemoteWebDriver.java:552)
	at org.openqa.selenium.remote.RemoteWebDriver.startSession(RemoteWebDriver.java:213)
	at org.openqa.selenium.remote.RemoteWebDriver.&lt;init&gt;(RemoteWebDriver.java:131)
	at org.openqa.selenium.chrome.ChromeDriver.&lt;init&gt;(ChromeDriver.java:181)
	at org.openqa.selenium.chrome.ChromeDriver.&lt;init&gt;(ChromeDriver.java:168)
	at org.openqa.selenium.chrome.ChromeDriver.&lt;init&gt;(ChromeDriver.java:123)
	at com.crm.ui.Base.initializeDriver(Base.java:32)
	at com.crm.ui.CRMAppAutomationTest.initialize(CRMAppAutomationTest.java:21)
... Removed 28 stack frames</pre></div><a href='#' onClick='toggleBox("stack-trace653337757", this, "Click to show all stack frames", "Click to hide stack frames")'>Click to show all stack frames</a>
<div class='stack-trace' id='stack-trace653337757'><pre>org.openqa.selenium.SessionNotCreatedException: session not created
from disconnected: received Inspector.detached event
  (Session info: chrome=80.0.3987.163)
Build info: version: &apos;3.141.59&apos;, revision: &apos;e82be7d358&apos;, time: &apos;2018-11-14T08:17:03&apos;
System info: host: &apos;DESKTOP-EUF29Q1&apos;, ip: &apos;169.254.217.165&apos;, os.name: &apos;Windows 10&apos;, os.arch: &apos;amd64&apos;, os.version: &apos;10.0&apos;, java.version: &apos;1.8.0_181&apos;
Driver info: driver.version: ChromeDriver
remote stacktrace: Backtrace:
	Ordinal0 [0x01080C83+1707139]
	Ordinal0 [0x00FE68F1+1075441]
	Ordinal0 [0x00F5DFC9+516041]
	Ordinal0 [0x00F5687B+485499]
	Ordinal0 [0x00F56499+484505]
	Ordinal0 [0x00F55D96+482710]
	Ordinal0 [0x00F553AC+480172]
	Ordinal0 [0x00F555D5+480725]
	Ordinal0 [0x00F55035+479285]
	Ordinal0 [0x00F5CD25+511269]
	Ordinal0 [0x00F54FE8+479208]
	Ordinal0 [0x00F55A3B+481851]
	Ordinal0 [0x00F553AC+480172]
	Ordinal0 [0x00F555D5+480725]
	Ordinal0 [0x00F55035+479285]
	Ordinal0 [0x00F5B5AE+505262]
	Ordinal0 [0x00F54FE8+479208]
	Ordinal0 [0x00F55A3B+481851]
	Ordinal0 [0x00F553AC+480172]
	Ordinal0 [0x00F555D5+480725]
	Ordinal0 [0x00F55035+479285]
	Ordinal0 [0x00F59E1C+499228]
	Ordinal0 [0x00F54FE8+479208]
	Ordinal0 [0x00F55A3B+481851]
	Ordinal0 [0x00F553AC+480172]
	Ordinal0 [0x00F555D5+480725]
	Ordinal0 [0x00F55035+479285]
	Ordinal0 [0x00F594B7+496823]
	Ordinal0 [0x00F54FE8+479208]
	Ordinal0 [0x00F55A3B+481851]
	Ordinal0 [0x00F553AC+480172]
	Ordinal0 [0x00F555D5+480725]
	Ordinal0 [0x00F55035+479285]
	Ordinal0 [0x00F51B5C+465756]
	Ordinal0 [0x00F54FE8+479208]
	Ordinal0 [0x00F54EC4+478916]
	Ordinal0 [0x00F5ECA0+519328]
	Ordinal0 [0x00F0CA67+182887]
	Ordinal0 [0x00F0BDDD+179677]
	Ordinal0 [0x00F09D4B+171339]
	Ordinal0 [0x00EF1D4A+73034]
	Ordinal0 [0x00EF2DC0+77248]
	Ordinal0 [0x00EF2D59+77145]
	Ordinal0 [0x00FFBB67+1162087]
	GetHandleVerifier [0x0111A966+508998]
	GetHandleVerifier [0x0111A6A4+508292]
	GetHandleVerifier [0x0112F7B7+594583]
	GetHandleVerifier [0x0111B1D6+511158]
	Ordinal0 [0x00FF402C+1130540]
	Ordinal0 [0x00FFD4CB+1168587]
	Ordinal0 [0x00FFD633+1168947]
	Ordinal0 [0x01015B35+1268533]
	BaseThreadInitThunk [0x76A90419+25]
	RtlGetAppContainerNamedObjectPath [0x776B662D+237]
	RtlGetAppContainerNamedObjectPath [0x776B65FD+189]

	at sun.reflect.NativeConstructorAccessorImpl.newInstance0(Native Method)
	at sun.reflect.NativeConstructorAccessorImpl.newInstance(Unknown Source)
	at sun.reflect.DelegatingConstructorAccessorImpl.newInstance(Unknown Source)
	at java.lang.reflect.Constructor.newInstance(Unknown Source)
	at org.openqa.selenium.remote.W3CHandshakeResponse.lambda$errorHandler$0(W3CHandshakeResponse.java:62)
	at org.openqa.selenium.remote.HandshakeResponse.lambda$getResponseFunction$0(HandshakeResponse.java:30)
	at org.openqa.selenium.remote.ProtocolHandshake.lambda$createSession$0(ProtocolHandshake.java:126)
	at java.util.stream.ReferencePipeline$3$1.accept(Unknown Source)
	at java.util.Spliterators$ArraySpliterator.tryAdvance(Unknown Source)
	at java.util.stream.ReferencePipeline.forEachWithCancel(Unknown Source)
	at java.util.stream.AbstractPipeline.copyIntoWithCancel(Unknown Source)
	at java.util.stream.AbstractPipeline.copyInto(Unknown Source)
	at java.util.stream.AbstractPipeline.wrapAndCopyInto(Unknown Source)
	at java.util.stream.FindOps$FindOp.evaluateSequential(Unknown Source)
	at java.util.stream.AbstractPipeline.evaluate(Unknown Source)
	at java.util.stream.ReferencePipeline.findFirst(Unknown Source)
	at org.openqa.selenium.remote.ProtocolHandshake.createSession(ProtocolHandshake.java:128)
	at org.openqa.selenium.remote.ProtocolHandshake.createSession(ProtocolHandshake.java:74)
	at org.openqa.selenium.remote.HttpCommandExecutor.execute(HttpCommandExecutor.java:136)
	at org.openqa.selenium.remote.service.DriverCommandExecutor.execute(DriverCommandExecutor.java:83)
	at org.openqa.selenium.remote.RemoteWebDriver.execute(RemoteWebDriver.java:552)
	at org.openqa.selenium.remote.RemoteWebDriver.startSession(RemoteWebDriver.java:213)
	at org.openqa.selenium.remote.RemoteWebDriver.&lt;init&gt;(RemoteWebDriver.java:131)
	at org.openqa.selenium.chrome.ChromeDriver.&lt;init&gt;(ChromeDriver.java:181)
	at org.openqa.selenium.chrome.ChromeDriver.&lt;init&gt;(ChromeDriver.java:168)
	at org.openqa.selenium.chrome.ChromeDriver.&lt;init&gt;(ChromeDriver.java:123)
	at com.crm.ui.Base.initializeDriver(Base.java:32)
	at com.crm.ui.CRMAppAutomationTest.initialize(CRMAppAutomationTest.java:21)
	at sun.reflect.NativeMethodAccessorImpl.invoke0(Native Method)
	at sun.reflect.NativeMethodAccessorImpl.invoke(Unknown Source)
	at sun.reflect.DelegatingMethodAccessorImpl.invoke(Unknown Source)
	at java.lang.reflect.Method.invoke(Unknown Source)
	at org.testng.internal.MethodInvocationHelper.invokeMethod(MethodInvocationHelper.java:134)
	at org.testng.internal.MethodInvocationHelper.invokeMethodConsideringTimeout(MethodInvocationHelper.java:63)
	at org.testng.internal.ConfigInvoker.invokeConfigurationMethod(ConfigInvoker.java:348)
	at org.testng.internal.ConfigInvoker.invokeConfigurations(ConfigInvoker.java:302)
	at org.testng.TestRunner.invokeTestConfigurations(TestRunner.java:619)
	at org.testng.TestRunner.beforeRun(TestRunner.java:609)
	at org.testng.TestRunner.run(TestRunner.java:580)
	at org.testng.SuiteRunner.runTest(SuiteRunner.java:384)
	at org.testng.SuiteRunner.runSequentially(SuiteRunner.java:378)
	at org.testng.SuiteRunner.privateRun(SuiteRunner.java:337)
	at org.testng.SuiteRunner.run(SuiteRunner.java:286)
	at org.testng.SuiteRunnerWorker.runSuite(SuiteRunnerWorker.java:53)
	at org.testng.SuiteRunnerWorker.run(SuiteRunnerWorker.java:96)
	at org.testng.TestNG.runSuitesSequentially(TestNG.java:1187)
	at org.testng.TestNG.runSuitesLocally(TestNG.java:1109)
	at org.testng.TestNG.runSuites(TestNG.java:1039)
	at org.testng.TestNG.run(TestNG.java:1007)
	at org.testng.remote.AbstractRemoteTestNG.run(AbstractRemoteTestNG.java:115)
	at org.testng.remote.RemoteTestNG.initAndRun(RemoteTestNG.java:251)
	at org.testng.remote.RemoteTestNG.main(RemoteTestNG.java:77)
</pre></div></td>
<td>0</td>
<td>com.crm.ui.CRMAppAutomationTest@3aeaafa6</td></tr>
</table><p>
</body>
</html>